<?xml version="1.0" encoding="UTF-8"?>
<testng-results ignored="0" total="1" passed="1" failed="0" skipped="0">
  <reporter-output>
  </reporter-output>
  <suite started-at="2022-07-08T16:44:53 IST" name="TitusVision" finished-at="2022-07-08T16:48:19 IST" duration-ms="206347">
    <groups>
    </groups>
    <test started-at="2022-07-08T16:44:53 IST" name="EndToEnd" finished-at="2022-07-08T16:48:19 IST" duration-ms="206347">
      <class name="com.vision.test.DashboardPageTest">
        <test-method is-config="true" signature="setUp()[pri:0, instance:com.vision.test.DashboardPageTest@48974e45]" started-at="2022-07-08T16:44:53 IST" name="setUp" finished-at="2022-07-08T16:45:19 IST" duration-ms="26486" status="PASS">
          <reporter-output>
          </reporter-output>
        </test-method> <!-- setUp -->
        <test-method signature="dashboardModule()[pri:0, instance:com.vision.test.DashboardPageTest@48974e45]" started-at="2022-07-08T16:45:19 IST" name="dashboardModule" finished-at="2022-07-08T16:48:17 IST" duration-ms="177753" status="PASS">
          <reporter-output>
          </reporter-output>
        </test-method> <!-- dashboardModule -->
        <test-method is-config="true" signature="tearDown()[pri:0, instance:com.vision.test.DashboardPageTest@48974e45]" started-at="2022-07-08T16:48:17 IST" name="tearDown" finished-at="2022-07-08T16:48:19 IST" duration-ms="2078" status="PASS">
          <reporter-output>
          </reporter-output>
        </test-method> <!-- tearDown -->
      </class> <!-- com.vision.test.DashboardPageTest -->
    </test> <!-- EndToEnd -->
  </suite> <!-- TitusVision -->
</testng-results>
