<?xml version="1.0" encoding="UTF-8"?>
<testng-results ignored="0" total="1" passed="1" failed="0" skipped="0">
  <reporter-output>
  </reporter-output>
  <suite started-at="2023-01-10T22:10:25 IST" name="Default suite" finished-at="2023-01-10T22:16:56 IST" duration-ms="390103">
    <groups>
    </groups>
    <test started-at="2023-01-10T22:10:25 IST" name="Default test" finished-at="2023-01-10T22:16:56 IST" duration-ms="390103">
      <class name="com.QStock.test.WorkOrdersPageTest">
        <test-method is-config="true" signature="setUp()[pri:0, instance:com.QStock.test.WorkOrdersPageTest@169e6180]" started-at="2023-01-10T22:10:26 IST" name="setUp" finished-at="2023-01-10T22:11:23 IST" duration-ms="57488" status="PASS">
          <reporter-output>
          </reporter-output>
        </test-method> <!-- setUp -->
        <test-method signature="workOrders()[pri:0, instance:com.QStock.test.WorkOrdersPageTest@169e6180]" started-at="2023-01-10T22:11:23 IST" name="workOrders" finished-at="2023-01-10T22:16:37 IST" duration-ms="314374" status="PASS">
          <reporter-output>
          </reporter-output>
        </test-method> <!-- workOrders -->
        <test-method is-config="true" signature="tearDown()[pri:0, instance:com.QStock.test.WorkOrdersPageTest@169e6180]" started-at="2023-01-10T22:16:37 IST" name="tearDown" finished-at="2023-01-10T22:16:56 IST" duration-ms="18163" status="PASS">
          <reporter-output>
          </reporter-output>
        </test-method> <!-- tearDown -->
      </class> <!-- com.QStock.test.WorkOrdersPageTest -->
    </test> <!-- Default test -->
  </suite> <!-- Default suite -->
</testng-results>
